2026-02-11T22:56:40.721Z [INFO] === Starting Standalone Airtable to Neon Migration ===
2026-02-11T22:56:40.722Z [INFO] Environment validation passed
2026-02-11T22:56:40.722Z [ERROR] Error creating tenant: This function can now be called only as a tagged-template function: sql`SELECT ${value}`, not sql("SELECT $1", [value], options). For a conventional function call with value placeholders ($1, $2, etc.), use sql.query("SELECT $1", [value], options).
2026-02-11T22:56:40.722Z [ERROR] Fatal error during migration: This function can now be called only as a tagged-template function: sql`SELECT ${value}`, not sql("SELECT $1", [value], options). For a conventional function call with value placeholders ($1, $2, etc.), use sql.query("SELECT $1", [value], options).
Error: This function can now be called only as a tagged-template function: sql`SELECT ${value}`, not sql("SELECT $1", [value], options). For a conventional function call with value placeholders ($1, $2, etc.), use sql.query("SELECT $1", [value], options).
    at templateFn (/Users/faridkheloco/Library/CloudStorage/GoogleDrive-farid@purelyworks.com/Shared drives/Agentic Brain/purely-recruit/node_modules/@neondatabase/serverless/index.js:1278:25)
    at createDefaultTenant (/Users/faridkheloco/Library/CloudStorage/GoogleDrive-farid@purelyworks.com/Shared drives/Agentic Brain/purely-recruit/scripts/migrate-from-airtable-standalone.ts:311:28)
    at runMigration (/Users/faridkheloco/Library/CloudStorage/GoogleDrive-farid@purelyworks.com/Shared drives/Agentic Brain/purely-recruit/scripts/migrate-from-airtable-standalone.ts:798:37)
    at <anonymous> (/Users/faridkheloco/Library/CloudStorage/GoogleDrive-farid@purelyworks.com/Shared drives/Agentic Brain/purely-recruit/scripts/migrate-from-airtable-standalone.ts:829:1)
    at Object.<anonymous> (/Users/faridkheloco/Library/CloudStorage/GoogleDrive-farid@purelyworks.com/Shared drives/Agentic Brain/purely-recruit/scripts/migrate-from-airtable-standalone.ts:829:14)
    at Module._compile (node:internal/modules/cjs/loader:1692:14)
    at Object.transformer (/Users/faridkheloco/Library/CloudStorage/GoogleDrive-farid@purelyworks.com/Shared drives/Agentic Brain/purely-recruit/node_modules/tsx/dist/register-D46fvsV_.cjs:3:1104)
    at Module.load (node:internal/modules/cjs/loader:1427:32)
    at Module._load (node:internal/modules/cjs/loader:1250:12)
    at TracingChannel.traceSync (node:diagnostics_channel:322:14)
2026-02-11T22:58:03.556Z [INFO] === Starting Standalone Airtable to Neon Migration ===
2026-02-11T22:58:03.557Z [INFO] Environment validation passed
2026-02-11T22:58:05.350Z [SUCCESS] Created default tenant: bcc41b55-96f4-4d70-b7f0-679cc78bdc83
2026-02-11T22:58:05.351Z [INFO] Starting skill taxonomy migration...
2026-02-11T22:58:15.648Z [INFO] Fetched 28 records from tbl5ROVTv7rNr3w3n, offset: none
2026-02-11T22:58:23.083Z [INFO] Fetched 100 records from tblA1BS6VNBX0THhZ, offset: itr6HbL2xD17QBAMx/rechGQtxF5d9yweUv
2026-02-11T22:58:23.322Z [INFO] Fetched 54 records from tblA1BS6VNBX0THhZ, offset: none
2026-02-11T22:58:23.564Z [INFO] Fetched 75 records from tblKyguCWCvgvcQkt, offset: none
2026-02-11T22:58:23.814Z [INFO] Fetched 71 records from tblAoEIfrIIHWXdVT, offset: none
2026-02-11T22:58:23.814Z [WARN] Skipping skill record with no name: rec0EjyuUvgALgQtb
2026-02-11T22:58:23.814Z [WARN] Skipping skill record with no name: rec0HHLCmBQvzQm40
2026-02-11T22:58:23.814Z [WARN] Skipping skill record with no name: rec13cB2RgjUowlQR
2026-02-11T22:58:23.814Z [WARN] Skipping skill record with no name: rec6HMFj6XOSgr7BS
2026-02-11T22:58:23.814Z [WARN] Skipping skill record with no name: recA9A4Mi229DHg99
2026-02-11T22:58:23.814Z [WARN] Skipping skill record with no name: recDrkXtGSN7NM66k
2026-02-11T22:58:23.814Z [WARN] Skipping skill record with no name: recFLsaqo5ugJoFJI
2026-02-11T22:58:23.814Z [WARN] Skipping skill record with no name: recHQvrUPtwrEtU5O
2026-02-11T22:58:23.814Z [WARN] Skipping skill record with no name: recKTw7AFGACYk0NM
2026-02-11T22:58:23.814Z [WARN] Skipping skill record with no name: recMoDUSoG4BtozSg
2026-02-11T22:58:23.814Z [WARN] Skipping skill record with no name: recPFhBrZUNTxOiPz
2026-02-11T22:58:23.814Z [WARN] Skipping skill record with no name: recTimoXo2TRnKROP
2026-02-11T22:58:23.814Z [WARN] Skipping skill record with no name: recXMHEqX9cYg804I
2026-02-11T22:58:23.814Z [WARN] Skipping skill record with no name: recYCcfD9ti7ajdTJ
2026-02-11T22:58:23.814Z [WARN] Skipping skill record with no name: recYZP7U3u0ktlrRa
2026-02-11T22:58:23.814Z [WARN] Skipping skill record with no name: recdaXYmPVtOcRIBY
2026-02-11T22:58:23.814Z [WARN] Skipping skill record with no name: recdywNxykHp90rav
2026-02-11T22:58:23.814Z [WARN] Skipping skill record with no name: rech9NHpUDRkgKOVa
2026-02-11T22:58:23.814Z [WARN] Skipping skill record with no name: recjTsFN98btFICMP
2026-02-11T22:58:23.814Z [WARN] Skipping skill record with no name: reckhhOQscmwcMfjs
2026-02-11T22:58:23.814Z [WARN] Skipping skill record with no name: reclenOCU7EoGfois
2026-02-11T22:58:23.814Z [WARN] Skipping skill record with no name: recmTAjnZY6nlMgqq
2026-02-11T22:58:23.814Z [WARN] Skipping skill record with no name: recnkr7WfXr5HRbw0
2026-02-11T22:58:23.814Z [WARN] Skipping skill record with no name: rectL8qwAQgSXQ0qw
2026-02-11T22:58:23.814Z [WARN] Skipping skill record with no name: recxRfTE1tzEKLuZw
2026-02-11T22:58:23.814Z [WARN] Skipping skill record with no name: recyCQsqblmMHFOjW
2026-02-11T22:58:23.814Z [WARN] Skipping skill record with no name: recyft9x7T5UBv7EE
2026-02-11T22:58:23.814Z [WARN] Skipping skill record with no name: reczL6yqLCDOr9ShS
2026-02-11T22:58:23.814Z [WARN] Skipping skill record with no name: rec05cvbky3QTJMfd
2026-02-11T22:58:23.814Z [WARN] Skipping skill record with no name: rec05oU40xnlD8Yyn
2026-02-11T22:58:23.814Z [WARN] Skipping skill record with no name: rec06I0rqpdep7C4N
2026-02-11T22:58:23.814Z [WARN] Skipping skill record with no name: rec0Y6Bvj61sW94wp
2026-02-11T22:58:23.814Z [WARN] Skipping skill record with no name: rec0jd98LVqsTKJjV
2026-02-11T22:58:23.814Z [WARN] Skipping skill record with no name: rec0z3ovlj5ECNxhG
2026-02-11T22:58:23.814Z [WARN] Skipping skill record with no name: rec1Z9KGuvjegHN2Z
2026-02-11T22:58:23.815Z [WARN] Skipping skill record with no name: rec1dfdAhFsK3qZRx
2026-02-11T22:58:23.815Z [WARN] Skipping skill record with no name: rec2ZEvSu0b5BXxqO
2026-02-11T22:58:23.815Z [WARN] Skipping skill record with no name: rec32NrjTGdsZFB5X
2026-02-11T22:58:23.815Z [WARN] Skipping skill record with no name: rec3ESYSfAK4bl5rA
2026-02-11T22:58:23.815Z [WARN] Skipping skill record with no name: rec3VSvWlcOUGgGkH
2026-02-11T22:58:23.815Z [WARN] Skipping skill record with no name: rec4FLBQpREAyb98i
2026-02-11T22:58:23.815Z [WARN] Skipping skill record with no name: rec4PRhaMm8fYNStP
2026-02-11T22:58:23.815Z [WARN] Skipping skill record with no name: rec5CMpjf0DcdeHV7
2026-02-11T22:58:23.815Z [WARN] Skipping skill record with no name: rec5GHQ2v8qGrfckx
2026-02-11T22:58:23.815Z [WARN] Skipping skill record with no name: rec5bohtubf2mjIM4
2026-02-11T22:58:23.815Z [WARN] Skipping skill record with no name: rec68Z5X76vrTD1y2
2026-02-11T22:58:23.815Z [WARN] Skipping skill record with no name: rec6b5KyRQ5zgaKjg
2026-02-11T22:58:23.815Z [WARN] Skipping skill record with no name: rec6qFyPEWH5OopNY
2026-02-11T22:58:23.815Z [WARN] Skipping skill record with no name: rec7OFs2GPff3x1MA
2026-02-11T22:58:23.815Z [WARN] Skipping skill record with no name: rec7gH2gorMpngKvP
2026-02-11T22:58:23.815Z [WARN] Skipping skill record with no name: rec8MjrN48LaQokGk
2026-02-11T22:58:23.815Z [WARN] Skipping skill record with no name: rec8nsFJkihurhFQO
2026-02-11T22:58:23.815Z [WARN] Skipping skill record with no name: rec8qpPiN7BGTFxxz
2026-02-11T22:58:23.815Z [WARN] Skipping skill record with no name: rec96RTWcQKTDTHzd
2026-02-11T22:58:23.815Z [WARN] Skipping skill record with no name: recAITLLy62LuVVoA
2026-02-11T22:58:23.815Z [WARN] Skipping skill record with no name: recANM4IZXNsUUtUi
2026-02-11T22:58:23.815Z [WARN] Skipping skill record with no name: recAUmOfLMQRj8q3G
2026-02-11T22:58:23.815Z [WARN] Skipping skill record with no name: recAYv6LeTofijWKR
2026-02-11T22:58:23.815Z [WARN] Skipping skill record with no name: recBMMrfCeDuSFOvf
2026-02-11T22:58:23.815Z [WARN] Skipping skill record with no name: recCBqWoQMn0H5CaC
2026-02-11T22:58:23.815Z [WARN] Skipping skill record with no name: recE40yGAg2d9j3zi
2026-02-11T22:58:23.815Z [WARN] Skipping skill record with no name: recEJIJj31UVA2Txo
2026-02-11T22:58:23.815Z [WARN] Skipping skill record with no name: recEhRg34359CbAJE
2026-02-11T22:58:23.815Z [WARN] Skipping skill record with no name: recEjP2E6gylum1E6
2026-02-11T22:58:23.815Z [WARN] Skipping skill record with no name: recEug9PWTNsz5gNb
2026-02-11T22:58:23.815Z [WARN] Skipping skill record with no name: recFcd1dV4BI47HpJ
2026-02-11T22:58:23.815Z [WARN] Skipping skill record with no name: recFkPdNFrPicxkvN
2026-02-11T22:58:23.815Z [WARN] Skipping skill record with no name: recGeafi3V9AKvw9K
2026-02-11T22:58:23.815Z [WARN] Skipping skill record with no name: recGkvYSwUtiuzWm3
2026-02-11T22:58:23.815Z [WARN] Skipping skill record with no name: recGusNG3iKfJqfJW
2026-02-11T22:58:23.815Z [WARN] Skipping skill record with no name: recHAw7A7LZrsfMH8
2026-02-11T22:58:23.815Z [WARN] Skipping skill record with no name: recI1hOkhQtTBztGr
2026-02-11T22:58:23.815Z [WARN] Skipping skill record with no name: recI1om6q9uYZbteZ
2026-02-11T22:58:23.815Z [WARN] Skipping skill record with no name: recIED5YlPG7jEhrc
2026-02-11T22:58:23.815Z [WARN] Skipping skill record with no name: recIKzR9gR1vLjU6y
2026-02-11T22:58:23.815Z [WARN] Skipping skill record with no name: recILVaTCFuFHGtlw
2026-02-11T22:58:23.815Z [WARN] Skipping skill record with no name: recJ9s2dLqeMM2vb2
2026-02-11T22:58:23.815Z [WARN] Skipping skill record with no name: recJCHgaeFtyXdtNS
2026-02-11T22:58:23.815Z [WARN] Skipping skill record with no name: recJX6lxEH4GYLnm7
2026-02-11T22:58:23.815Z [WARN] Skipping skill record with no name: recJyjpT708I1J7wC
2026-02-11T22:58:23.815Z [WARN] Skipping skill record with no name: recKgPUkumenx4yWU
2026-02-11T22:58:23.815Z [WARN] Skipping skill record with no name: recLsa0yb6xV2baon
2026-02-11T22:58:23.815Z [WARN] Skipping skill record with no name: recM2p1MAlqPfHNf7
2026-02-11T22:58:23.815Z [WARN] Skipping skill record with no name: recMB06n23hmIFixE
2026-02-11T22:58:23.815Z [WARN] Skipping skill record with no name: recMirwy9TftWvlsQ
2026-02-11T22:58:23.815Z [WARN] Skipping skill record with no name: recN7CMVDMMzuTh7V
2026-02-11T22:58:23.815Z [WARN] Skipping skill record with no name: recNLvyxOHB8H3jzS
2026-02-11T22:58:23.815Z [WARN] Skipping skill record with no name: recNZ5cL6JcuoznVl
2026-02-11T22:58:23.815Z [WARN] Skipping skill record with no name: recNwxVB5KwkyWvi5
2026-02-11T22:58:23.815Z [WARN] Skipping skill record with no name: recOPPfMhplhYnFoI
2026-02-11T22:58:23.815Z [WARN] Skipping skill record with no name: recOoYMAf9642Exr2
2026-02-11T22:58:23.815Z [WARN] Skipping skill record with no name: recP0vJUDlgTFhraJ
2026-02-11T22:58:23.815Z [WARN] Skipping skill record with no name: recPX5dFai3u5HKh4
2026-02-11T22:58:23.815Z [WARN] Skipping skill record with no name: recPZVaiD9CCbnu2f
2026-02-11T22:58:23.815Z [WARN] Skipping skill record with no name: recPuqJoTLZSg8T69
2026-02-11T22:58:23.815Z [WARN] Skipping skill record with no name: recRUDJyiPhIWWFck
2026-02-11T22:58:23.815Z [WARN] Skipping skill record with no name: recTYHKVqKqLMheqO
2026-02-11T22:58:23.815Z [WARN] Skipping skill record with no name: recTca85QuhLUQBcH
2026-02-11T22:58:23.815Z [WARN] Skipping skill record with no name: recU1kq5YmRPzvOuO
2026-02-11T22:58:23.815Z [WARN] Skipping skill record with no name: recVFict61kDkCM83
2026-02-11T22:58:23.815Z [WARN] Skipping skill record with no name: recWEPxoFwnFn4Aoh
2026-02-11T22:58:23.815Z [WARN] Skipping skill record with no name: recWo3s8vTQ0sFjWV
2026-02-11T22:58:23.815Z [WARN] Skipping skill record with no name: recXA0WZthVjC6jRv
2026-02-11T22:58:23.815Z [WARN] Skipping skill record with no name: recXtq7HTn7PfyPMy
2026-02-11T22:58:23.815Z [WARN] Skipping skill record with no name: recY1lMAsPUGj1Dqi
2026-02-11T22:58:23.815Z [WARN] Skipping skill record with no name: recYgoWoLP3y1qN5Y
2026-02-11T22:58:23.815Z [WARN] Skipping skill record with no name: recYuCWFJdVBAnszv
2026-02-11T22:58:23.815Z [WARN] Skipping skill record with no name: recZ3aH8QJo0Ryt8o
2026-02-11T22:58:23.815Z [WARN] Skipping skill record with no name: recZYeCNAFNMd7gyQ
2026-02-11T22:58:23.815Z [WARN] Skipping skill record with no name: recatMrEwfYduy0zt
2026-02-11T22:58:23.815Z [WARN] Skipping skill record with no name: recbCjWfh63Jra4oW
2026-02-11T22:58:23.815Z [WARN] Skipping skill record with no name: recbTQSoBhTEh8p6c
2026-02-11T22:58:23.815Z [WARN] Skipping skill record with no name: recbfMWmPm7Ji7E5n
2026-02-11T22:58:23.815Z [WARN] Skipping skill record with no name: recc0KWrom9Kcg35n
2026-02-11T22:58:23.815Z [WARN] Skipping skill record with no name: recd9JRe70Zc6ju0Z
2026-02-11T22:58:23.815Z [WARN] Skipping skill record with no name: recdYwDoWy2coTrIp
2026-02-11T22:58:23.815Z [WARN] Skipping skill record with no name: recdcSyHFLsaZuRbD
2026-02-11T22:58:23.815Z [WARN] Skipping skill record with no name: recdj9YuTMhOPG7Lc
2026-02-11T22:58:23.815Z [WARN] Skipping skill record with no name: receJPi2cIduX4OS6
2026-02-11T22:58:23.815Z [WARN] Skipping skill record with no name: receNJxqWNh9jY8pR
2026-02-11T22:58:23.815Z [WARN] Skipping skill record with no name: receqzucNBj5YhlFW
2026-02-11T22:58:23.815Z [WARN] Skipping skill record with no name: recfwNKJF8qsiRSoA
2026-02-11T22:58:23.815Z [WARN] Skipping skill record with no name: recgCZAv3jhqNh8hz
2026-02-11T22:58:23.815Z [WARN] Skipping skill record with no name: recgLV5Y2DI56M1pP
2026-02-11T22:58:23.815Z [WARN] Skipping skill record with no name: recgcZ3Fo6XVcB1YW
2026-02-11T22:58:23.815Z [WARN] Skipping skill record with no name: rech1dE7BRYK2s3hE
2026-02-11T22:58:23.815Z [WARN] Skipping skill record with no name: rechECQtHeUbLVXuX
2026-02-11T22:58:23.815Z [WARN] Skipping skill record with no name: rechGQtxF5d9yweUv
2026-02-11T22:58:23.815Z [WARN] Skipping skill record with no name: rechNCQ5bj7SgUMFC
2026-02-11T22:58:23.815Z [WARN] Skipping skill record with no name: rechNTN7HpP1Z7aWi
2026-02-11T22:58:23.815Z [WARN] Skipping skill record with no name: rechXSXyzzXBms1u7
2026-02-11T22:58:23.815Z [WARN] Skipping skill record with no name: recidMoXgYW6BZD3p
2026-02-11T22:58:23.815Z [WARN] Skipping skill record with no name: recjGOgJI7TVfbFq2
2026-02-11T22:58:23.815Z [WARN] Skipping skill record with no name: reck0L9OjuvTsq6sJ
2026-02-11T22:58:23.815Z [WARN] Skipping skill record with no name: reclX7uUvBFG0qCmK
2026-02-11T22:58:23.815Z [WARN] Skipping skill record with no name: reclaUoUsAMMULy3i
2026-02-11T22:58:23.815Z [WARN] Skipping skill record with no name: reclbj1JWS0xAqoPc
2026-02-11T22:58:23.815Z [WARN] Skipping skill record with no name: recldF6o58LSY0YeY
2026-02-11T22:58:23.815Z [WARN] Skipping skill record with no name: recmCQTi3KdlSF9qd
2026-02-11T22:58:23.815Z [WARN] Skipping skill record with no name: recmecRANnjNDzJWx
2026-02-11T22:58:23.815Z [WARN] Skipping skill record with no name: recmugmgPgpIOMfR8
2026-02-11T22:58:23.815Z [WARN] Skipping skill record with no name: recn2jWwOIyo2OXEJ
2026-02-11T22:58:23.815Z [WARN] Skipping skill record with no name: recn4U74zoLUnyN5t
2026-02-11T22:58:23.815Z [WARN] Skipping skill record with no name: recn4UxH3mt0iUQXk
2026-02-11T22:58:23.815Z [WARN] Skipping skill record with no name: recnQpGVF84zKs9T0
2026-02-11T22:58:23.815Z [WARN] Skipping skill record with no name: recnqgHUiHHSgkD8X
2026-02-11T22:58:23.815Z [WARN] Skipping skill record with no name: recnzuwd7sHmRLdoL
2026-02-11T22:58:23.815Z [WARN] Skipping skill record with no name: recoPY22G3qXFDxHx
2026-02-11T22:58:23.815Z [WARN] Skipping skill record with no name: recocndkZ6Wjus3GB
2026-02-11T22:58:23.815Z [WARN] Skipping skill record with no name: reconmVzYQpVUHDhN
2026-02-11T22:58:23.815Z [WARN] Skipping skill record with no name: recoqrBrvuoRxG2eX
2026-02-11T22:58:23.815Z [WARN] Skipping skill record with no name: recpQimvA54zryFzF
2026-02-11T22:58:23.815Z [WARN] Skipping skill record with no name: recpQv1yArpIGjLnF
2026-02-11T22:58:23.815Z [WARN] Skipping skill record with no name: recphsU6A1b7WRYr6
2026-02-11T22:58:23.815Z [WARN] Skipping skill record with no name: recq0vs7N0vGOgNlH
2026-02-11T22:58:23.815Z [WARN] Skipping skill record with no name: recqGcuNHzw3yaQhL
2026-02-11T22:58:23.815Z [WARN] Skipping skill record with no name: recqvyjG2FT4H668T
2026-02-11T22:58:23.815Z [WARN] Skipping skill record with no name: recqxM63TyZkDDd5d
2026-02-11T22:58:23.815Z [WARN] Skipping skill record with no name: recrIPR8WCS83k8Yp
2026-02-11T22:58:23.815Z [WARN] Skipping skill record with no name: recrUc4KH6LXaLUa6
2026-02-11T22:58:23.815Z [WARN] Skipping skill record with no name: recsSqsE2QKCE2Mtq
2026-02-11T22:58:23.815Z [WARN] Skipping skill record with no name: recsZD6l2KOTxUb7Q
2026-02-11T22:58:23.815Z [WARN] Skipping skill record with no name: recstDha6k9LgWANc
2026-02-11T22:58:23.815Z [WARN] Skipping skill record with no name: recsvIxuze69QhdBv
2026-02-11T22:58:23.815Z [WARN] Skipping skill record with no name: rectIYkt3XBqkBrlc
2026-02-11T22:58:23.815Z [WARN] Skipping skill record with no name: rectQSjqolLs5zCkp
2026-02-11T22:58:23.815Z [WARN] Skipping skill record with no name: recthZYV3pNeFUpq7
2026-02-11T22:58:23.815Z [WARN] Skipping skill record with no name: recvIdPjnOZxo3tEs
2026-02-11T22:58:23.815Z [WARN] Skipping skill record with no name: recvh5anisel6sWHq
2026-02-11T22:58:23.815Z [WARN] Skipping skill record with no name: recw744hBfc9xtusz
2026-02-11T22:58:23.815Z [WARN] Skipping skill record with no name: recwbDFyN0zfhwyCq
2026-02-11T22:58:23.815Z [WARN] Skipping skill record with no name: recwgCsGn166toDTl
2026-02-11T22:58:23.815Z [WARN] Skipping skill record with no name: recx7Z1PI0DBkUjzb
2026-02-11T22:58:23.815Z [WARN] Skipping skill record with no name: recxRr285t7gsvBi3
2026-02-11T22:58:23.815Z [WARN] Skipping skill record with no name: recxa8uSVqP8dtrl7
2026-02-11T22:58:23.815Z [WARN] Skipping skill record with no name: recxcx0Us2ereP9C8
2026-02-11T22:58:23.815Z [WARN] Skipping skill record with no name: recymiT7QaLI0HhtI
2026-02-11T22:58:23.815Z [WARN] Skipping skill record with no name: recytjNAmZ0zUOEUp
2026-02-11T22:58:23.815Z [WARN] Skipping skill record with no name: recyuTjHNSveY0xm0
2026-02-11T22:58:23.815Z [WARN] Skipping skill record with no name: recyyYRlvCbnsWXfu
2026-02-11T22:58:23.815Z [WARN] Skipping skill record with no name: recz4Tcxef0EjJx4I
2026-02-11T22:58:23.815Z [WARN] Skipping skill record with no name: reczchWKwFajffQ83
2026-02-11T22:58:23.815Z [WARN] Skipping skill record with no name: rec0aJeM95qiOSdR7
2026-02-11T22:58:23.815Z [WARN] Skipping skill record with no name: rec2ZYg6krTHs1HbY
2026-02-11T22:58:23.815Z [WARN] Skipping skill record with no name: rec3MU3VHyIgeBepm
2026-02-11T22:58:23.815Z [WARN] Skipping skill record with no name: rec3SyFDWcWxerlii
2026-02-11T22:58:23.815Z [WARN] Skipping skill record with no name: rec3wXa7wTuII7TLp
2026-02-11T22:58:23.815Z [WARN] Skipping skill record with no name: rec4Wir5LKthfmu42
2026-02-11T22:58:23.815Z [WARN] Skipping skill record with no name: rec4pkyHphQ480kNC
2026-02-11T22:58:23.815Z [WARN] Skipping skill record with no name: rec5jf0yK84ZrbUUb
2026-02-11T22:58:23.815Z [WARN] Skipping skill record with no name: rec6lJiG201Oll5L0
2026-02-11T22:58:23.815Z [WARN] Skipping skill record with no name: rec7cOu7z1ZcVkpmK
2026-02-11T22:58:23.815Z [WARN] Skipping skill record with no name: rec8TdQTxVSMSSUaN
2026-02-11T22:58:23.815Z [WARN] Skipping skill record with no name: recAIZEmNL0Tw2cJ7
2026-02-11T22:58:23.815Z [WARN] Skipping skill record with no name: recBKDO68FkoJLHvL
2026-02-11T22:58:23.815Z [WARN] Skipping skill record with no name: recCGyjeWsJDBlZIc
2026-02-11T22:58:23.815Z [WARN] Skipping skill record with no name: recCcFgGPlhDmkV5v
2026-02-11T22:58:23.815Z [WARN] Skipping skill record with no name: recCn709m0WHX391B
2026-02-11T22:58:23.815Z [WARN] Skipping skill record with no name: recDur03PcKxO99h2
2026-02-11T22:58:23.815Z [WARN] Skipping skill record with no name: recEKPiXAk2oStxSS
2026-02-11T22:58:23.815Z [WARN] Skipping skill record with no name: recF7WM519JfdZWJ1
2026-02-11T22:58:23.815Z [WARN] Skipping skill record with no name: recFzmWfsDET7wfzN
2026-02-11T22:58:23.815Z [WARN] Skipping skill record with no name: recG9Wrc073n7ILWZ
2026-02-11T22:58:23.815Z [WARN] Skipping skill record with no name: recGvEIkMUfibHlBF
2026-02-11T22:58:23.815Z [WARN] Skipping skill record with no name: recH6gUCJhbrfupMX
2026-02-11T22:58:23.815Z [WARN] Skipping skill record with no name: recHj6uoSeE8sYYFT
2026-02-11T22:58:23.815Z [WARN] Skipping skill record with no name: recI6NKUWuKbYiO3U
2026-02-11T22:58:23.815Z [WARN] Skipping skill record with no name: recIHIte9O7au5cKi
2026-02-11T22:58:23.815Z [WARN] Skipping skill record with no name: recIYtOiHXOf3tnn6
2026-02-11T22:58:23.815Z [WARN] Skipping skill record with no name: recJ12mjIECL2QUmC
2026-02-11T22:58:23.815Z [WARN] Skipping skill record with no name: recJQBaG38jEpgQrT
2026-02-11T22:58:23.815Z [WARN] Skipping skill record with no name: recKyRI0dvIkuo4IO
2026-02-11T22:58:23.815Z [WARN] Skipping skill record with no name: recLffBaWAH3O1eso
2026-02-11T22:58:23.815Z [WARN] Skipping skill record with no name: recLmP9vmXK9nZ4B8
2026-02-11T22:58:23.815Z [WARN] Skipping skill record with no name: recMPBfge04Zp3Xog
2026-02-11T22:58:23.815Z [WARN] Skipping skill record with no name: recMf4bCHs5YcSqHt
2026-02-11T22:58:23.815Z [WARN] Skipping skill record with no name: recOu0qIvf1KWLUiF
2026-02-11T22:58:23.815Z [WARN] Skipping skill record with no name: recPFIpP3Cg7cQ4np
2026-02-11T22:58:23.815Z [WARN] Skipping skill record with no name: recQrHQjFRQBmepCd
2026-02-11T22:58:23.815Z [WARN] Skipping skill record with no name: recR1wuavKBKnrvNv
2026-02-11T22:58:23.815Z [WARN] Skipping skill record with no name: recRPrrj8LEag8ig8
2026-02-11T22:58:23.815Z [WARN] Skipping skill record with no name: recRjJpWdhX98lkmO
2026-02-11T22:58:23.815Z [WARN] Skipping skill record with no name: recSpOkWnkbKtJeCA
2026-02-11T22:58:23.815Z [WARN] Skipping skill record with no name: recT55FPeEdt8EEZL
2026-02-11T22:58:23.815Z [WARN] Skipping skill record with no name: recT57LQhAJoG0w4d
2026-02-11T22:58:23.815Z [WARN] Skipping skill record with no name: recTHdsZexP4COMu5
2026-02-11T22:58:23.815Z [WARN] Skipping skill record with no name: recTPu2AGEXfNOnIs
2026-02-11T22:58:23.815Z [WARN] Skipping skill record with no name: recUCbJAvElH9XEKj
2026-02-11T22:58:23.815Z [WARN] Skipping skill record with no name: recVZrfTEvdnFrvHO
2026-02-11T22:58:23.815Z [WARN] Skipping skill record with no name: recYjWL5AsM0e6H1Y
2026-02-11T22:58:23.815Z [WARN] Skipping skill record with no name: recZFcs3XAKpUhYft
2026-02-11T22:58:23.815Z [WARN] Skipping skill record with no name: recZZM1eYJcqGI4cq
2026-02-11T22:58:23.815Z [WARN] Skipping skill record with no name: recbYHLCZDQlwqSAk
2026-02-11T22:58:23.815Z [WARN] Skipping skill record with no name: reccRA38LzgouiDF4
2026-02-11T22:58:23.815Z [WARN] Skipping skill record with no name: recer7qRTg4lZ0fNr
2026-02-11T22:58:23.815Z [WARN] Skipping skill record with no name: recfCsy7qxPa2GM48
2026-02-11T22:58:23.815Z [WARN] Skipping skill record with no name: rechFBNBhZzOnZyfK
2026-02-11T22:58:23.815Z [WARN] Skipping skill record with no name: recimjliGwyCcsWl9
2026-02-11T22:58:23.815Z [WARN] Skipping skill record with no name: recj9y5gKoFd26BxN
2026-02-11T22:58:23.815Z [WARN] Skipping skill record with no name: reckuAipw6laSkBAS
2026-02-11T22:58:23.815Z [WARN] Skipping skill record with no name: reco1BTt5FzqLyCwo
2026-02-11T22:58:23.815Z [WARN] Skipping skill record with no name: recoZ3vVu4vFFwC82
2026-02-11T22:58:23.815Z [WARN] Skipping skill record with no name: recpGnO67slCltYz2
2026-02-11T22:58:23.815Z [WARN] Skipping skill record with no name: recq0iQ6VSW4vdmnf
2026-02-11T22:58:23.815Z [WARN] Skipping skill record with no name: recqII7AHkYfaXpRB
2026-02-11T22:58:23.815Z [WARN] Skipping skill record with no name: recsAT1J6cNecQWyo
2026-02-11T22:58:23.815Z [WARN] Skipping skill record with no name: recsjlRGr1tCQ5mIn
2026-02-11T22:58:23.815Z [WARN] Skipping skill record with no name: recum9d9CkHwRI9td
2026-02-11T22:58:23.815Z [WARN] Skipping skill record with no name: recxQBxxi2BfuSGf0
2026-02-11T22:58:23.815Z [WARN] Skipping skill record with no name: recxWAs0Cjk6qNBbL
2026-02-11T22:58:23.815Z [WARN] Skipping skill record with no name: recxhknmWh28cltKy
2026-02-11T22:58:23.815Z [WARN] Skipping skill record with no name: recxj0aNe9FSLueNG
2026-02-11T22:58:23.815Z [WARN] Skipping skill record with no name: recy3PcjdtqQ7QLlt
2026-02-11T22:58:23.815Z [WARN] Skipping skill record with no name: recyao4hTUyww9xMh
2026-02-11T22:58:23.815Z [WARN] Skipping skill record with no name: recymArVbhszVsA8T
2026-02-11T22:58:23.815Z [WARN] Skipping skill record with no name: recyra5hbGgf5jTjM
2026-02-11T22:58:23.815Z [WARN] Skipping skill record with no name: reczxqRRn3FbqF6N9
2026-02-11T22:58:23.815Z [WARN] Skipping skill record with no name: rec05UJBIipBkoBw5
2026-02-11T22:58:23.815Z [WARN] Skipping skill record with no name: rec0HZH5AavNElgTx
2026-02-11T22:58:23.815Z [WARN] Skipping skill record with no name: rec19pNY7ePg7vbTp
2026-02-11T22:58:23.815Z [WARN] Skipping skill record with no name: rec2NGLgC4jkH9oiF
2026-02-11T22:58:23.815Z [WARN] Skipping skill record with no name: rec2lOmqYZ6iqCM1o
2026-02-11T22:58:23.815Z [WARN] Skipping skill record with no name: rec2zoQurGZcDTUvA
2026-02-11T22:58:23.815Z [WARN] Skipping skill record with no name: rec37e9xSHskUE5Lh
2026-02-11T22:58:23.815Z [WARN] Skipping skill record with no name: rec4bhmHfeuCJoCBi
2026-02-11T22:58:23.815Z [WARN] Skipping skill record with no name: rec6a85wDwJJ43N4U
2026-02-11T22:58:23.816Z [WARN] Skipping skill record with no name: rec7GlxoSTAuSeVe3
2026-02-11T22:58:23.816Z [WARN] Skipping skill record with no name: rec7I0OPQxLO59pel
2026-02-11T22:58:23.816Z [WARN] Skipping skill record with no name: rec7k9wq2jDoHiXR5
2026-02-11T22:58:23.816Z [WARN] Skipping skill record with no name: rec8EbsQ0VBAgyPT9
2026-02-11T22:58:23.816Z [WARN] Skipping skill record with no name: rec91yFAYvFLc6p8x
2026-02-11T22:58:23.816Z [WARN] Skipping skill record with no name: rec99yXL1fnL8sn6F
2026-02-11T22:58:23.816Z [WARN] Skipping skill record with no name: recCZhLTcbU5c64sT
2026-02-11T22:58:23.816Z [WARN] Skipping skill record with no name: recCc6Xuor1i7iEx8
2026-02-11T22:58:23.816Z [WARN] Skipping skill record with no name: recCjw4XzEPeWmJP1
2026-02-11T22:58:23.816Z [WARN] Skipping skill record with no name: recDVTQ4ted71JnTI
2026-02-11T22:58:23.816Z [WARN] Skipping skill record with no name: recETdFA6bBAXYSHy
2026-02-11T22:58:23.816Z [WARN] Skipping skill record with no name: recEV3gIZwjpmmqAP
2026-02-11T22:58:23.816Z [WARN] Skipping skill record with no name: recEaglQtTKBtNrbG
2026-02-11T22:58:23.816Z [WARN] Skipping skill record with no name: recFBpOBC2iYni7GB
2026-02-11T22:58:23.816Z [WARN] Skipping skill record with no name: recFhDQGu9PXnG1gO
2026-02-11T22:58:23.816Z [WARN] Skipping skill record with no name: recIUX1C4q5FuUXWU
2026-02-11T22:58:23.816Z [WARN] Skipping skill record with no name: recIVudNprtuWa0bH
2026-02-11T22:58:23.816Z [WARN] Skipping skill record with no name: recMEBLhXiJdXEQUT
2026-02-11T22:58:23.816Z [WARN] Skipping skill record with no name: recMq5osLihtV2KP4
2026-02-11T22:58:23.816Z [WARN] Skipping skill record with no name: recQqbzfEGjrX5ab0
2026-02-11T22:58:23.816Z [WARN] Skipping skill record with no name: recRlwQjmX7FqoBt7
2026-02-11T22:58:23.816Z [WARN] Skipping skill record with no name: recSM4rHupSffZkhc
2026-02-11T22:58:23.816Z [WARN] Skipping skill record with no name: recSmSfwV8qb18fFJ
2026-02-11T22:58:23.816Z [WARN] Skipping skill record with no name: recTMh4hl91sP5X4k
2026-02-11T22:58:23.816Z [WARN] Skipping skill record with no name: recUtjmgS1a4QZpMs
2026-02-11T22:58:23.816Z [WARN] Skipping skill record with no name: recVP9s0M0IE0mt3z
2026-02-11T22:58:23.816Z [WARN] Skipping skill record with no name: recWcRhdCDyCyd0y5
2026-02-11T22:58:23.816Z [WARN] Skipping skill record with no name: recZ0lmksAY0LkIxv
2026-02-11T22:58:23.816Z [WARN] Skipping skill record with no name: recaYlfwAklvSaNq3
2026-02-11T22:58:23.816Z [WARN] Skipping skill record with no name: recbFrCIWR5qdqpQ0
2026-02-11T22:58:23.816Z [WARN] Skipping skill record with no name: recbrhZNtlXP6W1Ik
2026-02-11T22:58:23.816Z [WARN] Skipping skill record with no name: recedIkmtJMx6QWO6
2026-02-11T22:58:23.816Z [WARN] Skipping skill record with no name: recf2eNiHrKgHqxZD
2026-02-11T22:58:23.816Z [WARN] Skipping skill record with no name: recfZcXfWPEuxTqrv
2026-02-11T22:58:23.816Z [WARN] Skipping skill record with no name: recffHdqgN5D01haL
2026-02-11T22:58:23.816Z [WARN] Skipping skill record with no name: recfsNFZJ9RdEdy4v
2026-02-11T22:58:23.816Z [WARN] Skipping skill record with no name: recg9fgyCaYWdLPHy
2026-02-11T22:58:23.816Z [WARN] Skipping skill record with no name: recgo75ZsAUkQTlAQ
2026-02-11T22:58:23.816Z [WARN] Skipping skill record with no name: rech47y1WVf3Ix6fo
2026-02-11T22:58:23.816Z [WARN] Skipping skill record with no name: rechURtnLEzCn6b4F
2026-02-11T22:58:23.816Z [WARN] Skipping skill record with no name: reciJGwKrUhU3M5Kk
2026-02-11T22:58:23.816Z [WARN] Skipping skill record with no name: reciYeBqTw5lSTv1g
2026-02-11T22:58:23.816Z [WARN] Skipping skill record with no name: recibHLbb76yBnrws
2026-02-11T22:58:23.816Z [WARN] Skipping skill record with no name: recjJRMQa29LVg3Nl
2026-02-11T22:58:23.816Z [WARN] Skipping skill record with no name: recjZM91VESdKc5Mn
2026-02-11T22:58:23.816Z [WARN] Skipping skill record with no name: reckHOPVjGurJ25Pu
2026-02-11T22:58:23.816Z [WARN] Skipping skill record with no name: reckbmRwRzkGn5HUw
2026-02-11T22:58:23.816Z [WARN] Skipping skill record with no name: reclQ4XpuDcGk9a7Z
2026-02-11T22:58:23.816Z [WARN] Skipping skill record with no name: recle3YueU659MOD1
2026-02-11T22:58:23.816Z [WARN] Skipping skill record with no name: recnAVG93na0jyNmG
2026-02-11T22:58:23.816Z [WARN] Skipping skill record with no name: recnYSHJSqVb1ie5g
2026-02-11T22:58:23.816Z [WARN] Skipping skill record with no name: reco7gaCdY97eZ62e
2026-02-11T22:58:23.816Z [WARN] Skipping skill record with no name: recqyCDfkj6AEIkfD
2026-02-11T22:58:23.816Z [WARN] Skipping skill record with no name: recrNeeOzrjVVlAMj
2026-02-11T22:58:23.816Z [WARN] Skipping skill record with no name: recrUA9urfeaMpD5F
2026-02-11T22:58:23.816Z [WARN] Skipping skill record with no name: recrXKSeJMZxcklXY
2026-02-11T22:58:23.816Z [WARN] Skipping skill record with no name: recrw45K5CGB9doul
2026-02-11T22:58:23.816Z [WARN] Skipping skill record with no name: recsFxMDo9FkOllIn
2026-02-11T22:58:23.816Z [WARN] Skipping skill record with no name: recsG6w1zldXNCd3u
2026-02-11T22:58:23.816Z [WARN] Skipping skill record with no name: recxq3acXlA1CRSTx
2026-02-11T22:58:23.816Z [WARN] Skipping skill record with no name: recy94dQ8T9ZLYbq6
2026-02-11T22:58:23.816Z [WARN] Skipping skill record with no name: reczdyKTLMtqewTod
2026-02-11T22:58:23.816Z [SUCCESS] Completed skill migration: 0 skills created
2026-02-11T22:58:23.816Z [INFO] Starting candidate migration...
2026-02-11T22:58:24.844Z [INFO] Fetched 100 records from tblaexcKyvhg3CfUl, offset: itr3mP9iPNjt1r3Ze/rec3iPcDDy1MRvCnK
2026-02-11T22:58:25.374Z [INFO] Fetched 100 records from tblaexcKyvhg3CfUl, offset: itr3mP9iPNjt1r3Ze/rec888dKukXD5vbHy
2026-02-11T22:58:25.806Z [INFO] Fetched 100 records from tblaexcKyvhg3CfUl, offset: itr3mP9iPNjt1r3Ze/recCFVxn7NGQ8pSOl
2026-02-11T22:58:26.245Z [INFO] Fetched 100 records from tblaexcKyvhg3CfUl, offset: itr3mP9iPNjt1r3Ze/recFqbcpXkuxivUPz
2026-02-11T22:58:26.683Z [INFO] Fetched 100 records from tblaexcKyvhg3CfUl, offset: itr3mP9iPNjt1r3Ze/recKBxjPqfAnOCQgp
2026-02-11T22:58:27.140Z [INFO] Fetched 100 records from tblaexcKyvhg3CfUl, offset: itr3mP9iPNjt1r3Ze/recO1xppq99EYTcga
2026-02-11T22:58:28.178Z [INFO] === Starting Standalone Airtable to Neon Migration ===
2026-02-11T22:58:28.179Z [INFO] Environment validation passed
2026-02-11T22:58:28.691Z [INFO] Using existing tenant: bcc41b55-96f4-4d70-b7f0-679cc78bdc83
2026-02-11T22:58:28.691Z [INFO] Starting skill taxonomy migration...
2026-02-11T22:58:29.731Z [INFO] Fetched 28 records from tbl5ROVTv7rNr3w3n, offset: none
2026-02-11T22:58:29.932Z [INFO] Fetched 100 records from tblA1BS6VNBX0THhZ, offset: itrPB7jvFR100u529/rechGQtxF5d9yweUv
2026-02-11T22:58:30.109Z [INFO] Fetched 54 records from tblA1BS6VNBX0THhZ, offset: none
2026-02-11T22:58:30.296Z [INFO] Fetched 75 records from tblKyguCWCvgvcQkt, offset: none
2026-02-11T22:58:30.511Z [INFO] Fetched 71 records from tblAoEIfrIIHWXdVT, offset: none
2026-02-11T22:58:30.511Z [WARN] Skipping skill record with no name: rec0EjyuUvgALgQtb
2026-02-11T22:58:30.511Z [WARN] Skipping skill record with no name: rec0HHLCmBQvzQm40
2026-02-11T22:58:30.511Z [WARN] Skipping skill record with no name: rec13cB2RgjUowlQR
2026-02-11T22:58:30.511Z [WARN] Skipping skill record with no name: rec6HMFj6XOSgr7BS
2026-02-11T22:58:30.511Z [WARN] Skipping skill record with no name: recA9A4Mi229DHg99
2026-02-11T22:58:30.511Z [WARN] Skipping skill record with no name: recDrkXtGSN7NM66k
2026-02-11T22:58:30.511Z [WARN] Skipping skill record with no name: recFLsaqo5ugJoFJI
2026-02-11T22:58:30.511Z [WARN] Skipping skill record with no name: recHQvrUPtwrEtU5O
2026-02-11T22:58:30.511Z [WARN] Skipping skill record with no name: recKTw7AFGACYk0NM
2026-02-11T22:58:30.511Z [WARN] Skipping skill record with no name: recMoDUSoG4BtozSg
2026-02-11T22:58:30.511Z [WARN] Skipping skill record with no name: recPFhBrZUNTxOiPz
2026-02-11T22:58:30.511Z [WARN] Skipping skill record with no name: recTimoXo2TRnKROP
2026-02-11T22:58:30.511Z [WARN] Skipping skill record with no name: recXMHEqX9cYg804I
2026-02-11T22:58:30.511Z [WARN] Skipping skill record with no name: recYCcfD9ti7ajdTJ
2026-02-11T22:58:30.511Z [WARN] Skipping skill record with no name: recYZP7U3u0ktlrRa
2026-02-11T22:58:30.511Z [WARN] Skipping skill record with no name: recdaXYmPVtOcRIBY
2026-02-11T22:58:30.511Z [WARN] Skipping skill record with no name: recdywNxykHp90rav
2026-02-11T22:58:30.511Z [WARN] Skipping skill record with no name: rech9NHpUDRkgKOVa
2026-02-11T22:58:30.511Z [WARN] Skipping skill record with no name: recjTsFN98btFICMP
2026-02-11T22:58:30.511Z [WARN] Skipping skill record with no name: reckhhOQscmwcMfjs
2026-02-11T22:58:30.511Z [WARN] Skipping skill record with no name: reclenOCU7EoGfois
2026-02-11T22:58:30.511Z [WARN] Skipping skill record with no name: recmTAjnZY6nlMgqq
2026-02-11T22:58:30.511Z [WARN] Skipping skill record with no name: recnkr7WfXr5HRbw0
2026-02-11T22:58:30.511Z [WARN] Skipping skill record with no name: rectL8qwAQgSXQ0qw
2026-02-11T22:58:30.511Z [WARN] Skipping skill record with no name: recxRfTE1tzEKLuZw
2026-02-11T22:58:30.511Z [WARN] Skipping skill record with no name: recyCQsqblmMHFOjW
2026-02-11T22:58:30.511Z [WARN] Skipping skill record with no name: recyft9x7T5UBv7EE
2026-02-11T22:58:30.511Z [WARN] Skipping skill record with no name: reczL6yqLCDOr9ShS
2026-02-11T22:58:30.511Z [WARN] Skipping skill record with no name: rec05cvbky3QTJMfd
2026-02-11T22:58:30.511Z [WARN] Skipping skill record with no name: rec05oU40xnlD8Yyn
2026-02-11T22:58:30.511Z [WARN] Skipping skill record with no name: rec06I0rqpdep7C4N
2026-02-11T22:58:30.511Z [WARN] Skipping skill record with no name: rec0Y6Bvj61sW94wp
2026-02-11T22:58:30.511Z [WARN] Skipping skill record with no name: rec0jd98LVqsTKJjV
2026-02-11T22:58:30.511Z [WARN] Skipping skill record with no name: rec0z3ovlj5ECNxhG
2026-02-11T22:58:30.511Z [WARN] Skipping skill record with no name: rec1Z9KGuvjegHN2Z
2026-02-11T22:58:30.511Z [WARN] Skipping skill record with no name: rec1dfdAhFsK3qZRx
2026-02-11T22:58:30.511Z [WARN] Skipping skill record with no name: rec2ZEvSu0b5BXxqO
2026-02-11T22:58:30.511Z [WARN] Skipping skill record with no name: rec32NrjTGdsZFB5X
2026-02-11T22:58:30.511Z [WARN] Skipping skill record with no name: rec3ESYSfAK4bl5rA
2026-02-11T22:58:30.511Z [WARN] Skipping skill record with no name: rec3VSvWlcOUGgGkH
2026-02-11T22:58:30.511Z [WARN] Skipping skill record with no name: rec4FLBQpREAyb98i
2026-02-11T22:58:30.511Z [WARN] Skipping skill record with no name: rec4PRhaMm8fYNStP
2026-02-11T22:58:30.511Z [WARN] Skipping skill record with no name: rec5CMpjf0DcdeHV7
2026-02-11T22:58:30.511Z [WARN] Skipping skill record with no name: rec5GHQ2v8qGrfckx
2026-02-11T22:58:30.511Z [WARN] Skipping skill record with no name: rec5bohtubf2mjIM4
2026-02-11T22:58:30.511Z [WARN] Skipping skill record with no name: rec68Z5X76vrTD1y2
2026-02-11T22:58:30.511Z [WARN] Skipping skill record with no name: rec6b5KyRQ5zgaKjg
2026-02-11T22:58:30.511Z [WARN] Skipping skill record with no name: rec6qFyPEWH5OopNY
2026-02-11T22:58:30.511Z [WARN] Skipping skill record with no name: rec7OFs2GPff3x1MA
2026-02-11T22:58:30.511Z [WARN] Skipping skill record with no name: rec7gH2gorMpngKvP
2026-02-11T22:58:30.511Z [WARN] Skipping skill record with no name: rec8MjrN48LaQokGk
2026-02-11T22:58:30.511Z [WARN] Skipping skill record with no name: rec8nsFJkihurhFQO
2026-02-11T22:58:30.511Z [WARN] Skipping skill record with no name: rec8qpPiN7BGTFxxz
2026-02-11T22:58:30.511Z [WARN] Skipping skill record with no name: rec96RTWcQKTDTHzd
2026-02-11T22:58:30.511Z [WARN] Skipping skill record with no name: recAITLLy62LuVVoA
2026-02-11T22:58:30.511Z [WARN] Skipping skill record with no name: recANM4IZXNsUUtUi
2026-02-11T22:58:30.511Z [WARN] Skipping skill record with no name: recAUmOfLMQRj8q3G
2026-02-11T22:58:30.511Z [WARN] Skipping skill record with no name: recAYv6LeTofijWKR
2026-02-11T22:58:30.511Z [WARN] Skipping skill record with no name: recBMMrfCeDuSFOvf
2026-02-11T22:58:30.511Z [WARN] Skipping skill record with no name: recCBqWoQMn0H5CaC
2026-02-11T22:58:30.511Z [WARN] Skipping skill record with no name: recE40yGAg2d9j3zi
2026-02-11T22:58:30.511Z [WARN] Skipping skill record with no name: recEJIJj31UVA2Txo
2026-02-11T22:58:30.511Z [WARN] Skipping skill record with no name: recEhRg34359CbAJE
2026-02-11T22:58:30.511Z [WARN] Skipping skill record with no name: recEjP2E6gylum1E6
2026-02-11T22:58:30.511Z [WARN] Skipping skill record with no name: recEug9PWTNsz5gNb
2026-02-11T22:58:30.511Z [WARN] Skipping skill record with no name: recFcd1dV4BI47HpJ
2026-02-11T22:58:30.511Z [WARN] Skipping skill record with no name: recFkPdNFrPicxkvN
2026-02-11T22:58:30.511Z [WARN] Skipping skill record with no name: recGeafi3V9AKvw9K
2026-02-11T22:58:30.511Z [WARN] Skipping skill record with no name: recGkvYSwUtiuzWm3
2026-02-11T22:58:30.511Z [WARN] Skipping skill record with no name: recGusNG3iKfJqfJW
2026-02-11T22:58:30.511Z [WARN] Skipping skill record with no name: recHAw7A7LZrsfMH8
2026-02-11T22:58:30.511Z [WARN] Skipping skill record with no name: recI1hOkhQtTBztGr
2026-02-11T22:58:30.511Z [WARN] Skipping skill record with no name: recI1om6q9uYZbteZ
2026-02-11T22:58:30.511Z [WARN] Skipping skill record with no name: recIED5YlPG7jEhrc
2026-02-11T22:58:30.511Z [WARN] Skipping skill record with no name: recIKzR9gR1vLjU6y
2026-02-11T22:58:30.511Z [WARN] Skipping skill record with no name: recILVaTCFuFHGtlw
2026-02-11T22:58:30.511Z [WARN] Skipping skill record with no name: recJ9s2dLqeMM2vb2
2026-02-11T22:58:30.511Z [WARN] Skipping skill record with no name: recJCHgaeFtyXdtNS
2026-02-11T22:58:30.511Z [WARN] Skipping skill record with no name: recJX6lxEH4GYLnm7
2026-02-11T22:58:30.511Z [WARN] Skipping skill record with no name: recJyjpT708I1J7wC
2026-02-11T22:58:30.511Z [WARN] Skipping skill record with no name: recKgPUkumenx4yWU
2026-02-11T22:58:30.511Z [WARN] Skipping skill record with no name: recLsa0yb6xV2baon
2026-02-11T22:58:30.511Z [WARN] Skipping skill record with no name: recM2p1MAlqPfHNf7
2026-02-11T22:58:30.511Z [WARN] Skipping skill record with no name: recMB06n23hmIFixE
2026-02-11T22:58:30.511Z [WARN] Skipping skill record with no name: recMirwy9TftWvlsQ
2026-02-11T22:58:30.511Z [WARN] Skipping skill record with no name: recN7CMVDMMzuTh7V
2026-02-11T22:58:30.511Z [WARN] Skipping skill record with no name: recNLvyxOHB8H3jzS
2026-02-11T22:58:30.511Z [WARN] Skipping skill record with no name: recNZ5cL6JcuoznVl
2026-02-11T22:58:30.511Z [WARN] Skipping skill record with no name: recNwxVB5KwkyWvi5
2026-02-11T22:58:30.511Z [WARN] Skipping skill record with no name: recOPPfMhplhYnFoI
2026-02-11T22:58:30.511Z [WARN] Skipping skill record with no name: recOoYMAf9642Exr2
2026-02-11T22:58:30.511Z [WARN] Skipping skill record with no name: recP0vJUDlgTFhraJ
2026-02-11T22:58:30.511Z [WARN] Skipping skill record with no name: recPX5dFai3u5HKh4
2026-02-11T22:58:30.511Z [WARN] Skipping skill record with no name: recPZVaiD9CCbnu2f
2026-02-11T22:58:30.511Z [WARN] Skipping skill record with no name: recPuqJoTLZSg8T69
2026-02-11T22:58:30.511Z [WARN] Skipping skill record with no name: recRUDJyiPhIWWFck
2026-02-11T22:58:30.511Z [WARN] Skipping skill record with no name: recTYHKVqKqLMheqO
2026-02-11T22:58:30.512Z [WARN] Skipping skill record with no name: recTca85QuhLUQBcH
2026-02-11T22:58:30.512Z [WARN] Skipping skill record with no name: recU1kq5YmRPzvOuO
2026-02-11T22:58:30.512Z [WARN] Skipping skill record with no name: recVFict61kDkCM83
2026-02-11T22:58:30.512Z [WARN] Skipping skill record with no name: recWEPxoFwnFn4Aoh
2026-02-11T22:58:30.512Z [WARN] Skipping skill record with no name: recWo3s8vTQ0sFjWV
2026-02-11T22:58:30.512Z [WARN] Skipping skill record with no name: recXA0WZthVjC6jRv
2026-02-11T22:58:30.512Z [WARN] Skipping skill record with no name: recXtq7HTn7PfyPMy
2026-02-11T22:58:30.512Z [WARN] Skipping skill record with no name: recY1lMAsPUGj1Dqi
2026-02-11T22:58:30.512Z [WARN] Skipping skill record with no name: recYgoWoLP3y1qN5Y
2026-02-11T22:58:30.512Z [WARN] Skipping skill record with no name: recYuCWFJdVBAnszv
2026-02-11T22:58:30.512Z [WARN] Skipping skill record with no name: recZ3aH8QJo0Ryt8o
2026-02-11T22:58:30.512Z [WARN] Skipping skill record with no name: recZYeCNAFNMd7gyQ
2026-02-11T22:58:30.512Z [WARN] Skipping skill record with no name: recatMrEwfYduy0zt
2026-02-11T22:58:30.512Z [WARN] Skipping skill record with no name: recbCjWfh63Jra4oW
2026-02-11T22:58:30.512Z [WARN] Skipping skill record with no name: recbTQSoBhTEh8p6c
2026-02-11T22:58:30.512Z [WARN] Skipping skill record with no name: recbfMWmPm7Ji7E5n
2026-02-11T22:58:30.512Z [WARN] Skipping skill record with no name: recc0KWrom9Kcg35n
2026-02-11T22:58:30.512Z [WARN] Skipping skill record with no name: recd9JRe70Zc6ju0Z
2026-02-11T22:58:30.512Z [WARN] Skipping skill record with no name: recdYwDoWy2coTrIp
2026-02-11T22:58:30.512Z [WARN] Skipping skill record with no name: recdcSyHFLsaZuRbD
2026-02-11T22:58:30.512Z [WARN] Skipping skill record with no name: recdj9YuTMhOPG7Lc
2026-02-11T22:58:30.512Z [WARN] Skipping skill record with no name: receJPi2cIduX4OS6
2026-02-11T22:58:30.512Z [WARN] Skipping skill record with no name: receNJxqWNh9jY8pR
2026-02-11T22:58:30.512Z [WARN] Skipping skill record with no name: receqzucNBj5YhlFW
2026-02-11T22:58:30.512Z [WARN] Skipping skill record with no name: recfwNKJF8qsiRSoA
2026-02-11T22:58:30.512Z [WARN] Skipping skill record with no name: recgCZAv3jhqNh8hz
2026-02-11T22:58:30.512Z [WARN] Skipping skill record with no name: recgLV5Y2DI56M1pP
2026-02-11T22:58:30.512Z [WARN] Skipping skill record with no name: recgcZ3Fo6XVcB1YW
2026-02-11T22:58:30.512Z [WARN] Skipping skill record with no name: rech1dE7BRYK2s3hE
2026-02-11T22:58:30.512Z [WARN] Skipping skill record with no name: rechECQtHeUbLVXuX
2026-02-11T22:58:30.512Z [WARN] Skipping skill record with no name: rechGQtxF5d9yweUv
2026-02-11T22:58:30.512Z [WARN] Skipping skill record with no name: rechNCQ5bj7SgUMFC
2026-02-11T22:58:30.512Z [WARN] Skipping skill record with no name: rechNTN7HpP1Z7aWi
2026-02-11T22:58:30.512Z [WARN] Skipping skill record with no name: rechXSXyzzXBms1u7
2026-02-11T22:58:30.512Z [WARN] Skipping skill record with no name: recidMoXgYW6BZD3p
2026-02-11T22:58:30.512Z [WARN] Skipping skill record with no name: recjGOgJI7TVfbFq2
2026-02-11T22:58:30.512Z [WARN] Skipping skill record with no name: reck0L9OjuvTsq6sJ
2026-02-11T22:58:30.512Z [WARN] Skipping skill record with no name: reclX7uUvBFG0qCmK
2026-02-11T22:58:30.512Z [WARN] Skipping skill record with no name: reclaUoUsAMMULy3i
2026-02-11T22:58:30.512Z [WARN] Skipping skill record with no name: reclbj1JWS0xAqoPc
2026-02-11T22:58:30.512Z [WARN] Skipping skill record with no name: recldF6o58LSY0YeY
2026-02-11T22:58:30.512Z [WARN] Skipping skill record with no name: recmCQTi3KdlSF9qd
2026-02-11T22:58:30.512Z [WARN] Skipping skill record with no name: recmecRANnjNDzJWx
2026-02-11T22:58:30.512Z [WARN] Skipping skill record with no name: recmugmgPgpIOMfR8
2026-02-11T22:58:30.512Z [WARN] Skipping skill record with no name: recn2jWwOIyo2OXEJ
2026-02-11T22:58:30.512Z [WARN] Skipping skill record with no name: recn4U74zoLUnyN5t
2026-02-11T22:58:30.512Z [WARN] Skipping skill record with no name: recn4UxH3mt0iUQXk
2026-02-11T22:58:30.512Z [WARN] Skipping skill record with no name: recnQpGVF84zKs9T0
2026-02-11T22:58:30.512Z [WARN] Skipping skill record with no name: recnqgHUiHHSgkD8X
2026-02-11T22:58:30.512Z [WARN] Skipping skill record with no name: recnzuwd7sHmRLdoL
2026-02-11T22:58:30.512Z [WARN] Skipping skill record with no name: recoPY22G3qXFDxHx
2026-02-11T22:58:30.512Z [WARN] Skipping skill record with no name: recocndkZ6Wjus3GB
2026-02-11T22:58:30.512Z [WARN] Skipping skill record with no name: reconmVzYQpVUHDhN
2026-02-11T22:58:30.512Z [WARN] Skipping skill record with no name: recoqrBrvuoRxG2eX
2026-02-11T22:58:30.512Z [WARN] Skipping skill record with no name: recpQimvA54zryFzF
2026-02-11T22:58:30.512Z [WARN] Skipping skill record with no name: recpQv1yArpIGjLnF
2026-02-11T22:58:30.512Z [WARN] Skipping skill record with no name: recphsU6A1b7WRYr6
2026-02-11T22:58:30.512Z [WARN] Skipping skill record with no name: recq0vs7N0vGOgNlH
2026-02-11T22:58:30.512Z [WARN] Skipping skill record with no name: recqGcuNHzw3yaQhL
2026-02-11T22:58:30.512Z [WARN] Skipping skill record with no name: recqvyjG2FT4H668T
2026-02-11T22:58:30.512Z [WARN] Skipping skill record with no name: recqxM63TyZkDDd5d
2026-02-11T22:58:30.512Z [WARN] Skipping skill record with no name: recrIPR8WCS83k8Yp
2026-02-11T22:58:30.512Z [WARN] Skipping skill record with no name: recrUc4KH6LXaLUa6
2026-02-11T22:58:30.512Z [WARN] Skipping skill record with no name: recsSqsE2QKCE2Mtq
2026-02-11T22:58:30.512Z [WARN] Skipping skill record with no name: recsZD6l2KOTxUb7Q
2026-02-11T22:58:30.512Z [WARN] Skipping skill record with no name: recstDha6k9LgWANc
2026-02-11T22:58:30.512Z [WARN] Skipping skill record with no name: recsvIxuze69QhdBv
2026-02-11T22:58:30.512Z [WARN] Skipping skill record with no name: rectIYkt3XBqkBrlc
2026-02-11T22:58:30.512Z [WARN] Skipping skill record with no name: rectQSjqolLs5zCkp
2026-02-11T22:58:30.512Z [WARN] Skipping skill record with no name: recthZYV3pNeFUpq7
2026-02-11T22:58:30.512Z [WARN] Skipping skill record with no name: recvIdPjnOZxo3tEs
2026-02-11T22:58:30.512Z [WARN] Skipping skill record with no name: recvh5anisel6sWHq
2026-02-11T22:58:30.512Z [WARN] Skipping skill record with no name: recw744hBfc9xtusz
2026-02-11T22:58:30.512Z [WARN] Skipping skill record with no name: recwbDFyN0zfhwyCq
2026-02-11T22:58:30.512Z [WARN] Skipping skill record with no name: recwgCsGn166toDTl
2026-02-11T22:58:30.512Z [WARN] Skipping skill record with no name: recx7Z1PI0DBkUjzb
2026-02-11T22:58:30.512Z [WARN] Skipping skill record with no name: recxRr285t7gsvBi3
2026-02-11T22:58:30.512Z [WARN] Skipping skill record with no name: recxa8uSVqP8dtrl7
2026-02-11T22:58:30.512Z [WARN] Skipping skill record with no name: recxcx0Us2ereP9C8
2026-02-11T22:58:30.512Z [WARN] Skipping skill record with no name: recymiT7QaLI0HhtI
2026-02-11T22:58:30.512Z [WARN] Skipping skill record with no name: recytjNAmZ0zUOEUp
2026-02-11T22:58:30.512Z [WARN] Skipping skill record with no name: recyuTjHNSveY0xm0
2026-02-11T22:58:30.512Z [WARN] Skipping skill record with no name: recyyYRlvCbnsWXfu
2026-02-11T22:58:30.512Z [WARN] Skipping skill record with no name: recz4Tcxef0EjJx4I
2026-02-11T22:58:30.512Z [WARN] Skipping skill record with no name: reczchWKwFajffQ83
2026-02-11T22:58:30.512Z [WARN] Skipping skill record with no name: rec0aJeM95qiOSdR7
2026-02-11T22:58:30.512Z [WARN] Skipping skill record with no name: rec2ZYg6krTHs1HbY
2026-02-11T22:58:30.512Z [WARN] Skipping skill record with no name: rec3MU3VHyIgeBepm
2026-02-11T22:58:30.512Z [WARN] Skipping skill record with no name: rec3SyFDWcWxerlii
2026-02-11T22:58:30.512Z [WARN] Skipping skill record with no name: rec3wXa7wTuII7TLp
2026-02-11T22:58:30.512Z [WARN] Skipping skill record with no name: rec4Wir5LKthfmu42
2026-02-11T22:58:30.512Z [WARN] Skipping skill record with no name: rec4pkyHphQ480kNC
2026-02-11T22:58:30.512Z [WARN] Skipping skill record with no name: rec5jf0yK84ZrbUUb
2026-02-11T22:58:30.512Z [WARN] Skipping skill record with no name: rec6lJiG201Oll5L0
2026-02-11T22:58:30.512Z [WARN] Skipping skill record with no name: rec7cOu7z1ZcVkpmK
2026-02-11T22:58:30.512Z [WARN] Skipping skill record with no name: rec8TdQTxVSMSSUaN
2026-02-11T22:58:30.512Z [WARN] Skipping skill record with no name: recAIZEmNL0Tw2cJ7
2026-02-11T22:58:30.512Z [WARN] Skipping skill record with no name: recBKDO68FkoJLHvL
2026-02-11T22:58:30.512Z [WARN] Skipping skill record with no name: recCGyjeWsJDBlZIc
2026-02-11T22:58:30.512Z [WARN] Skipping skill record with no name: recCcFgGPlhDmkV5v
2026-02-11T22:58:30.512Z [WARN] Skipping skill record with no name: recCn709m0WHX391B
2026-02-11T22:58:30.512Z [WARN] Skipping skill record with no name: recDur03PcKxO99h2
2026-02-11T22:58:30.512Z [WARN] Skipping skill record with no name: recEKPiXAk2oStxSS
2026-02-11T22:58:30.512Z [WARN] Skipping skill record with no name: recF7WM519JfdZWJ1
2026-02-11T22:58:30.512Z [WARN] Skipping skill record with no name: recFzmWfsDET7wfzN
2026-02-11T22:58:30.512Z [WARN] Skipping skill record with no name: recG9Wrc073n7ILWZ
2026-02-11T22:58:30.512Z [WARN] Skipping skill record with no name: recGvEIkMUfibHlBF
2026-02-11T22:58:30.512Z [WARN] Skipping skill record with no name: recH6gUCJhbrfupMX
2026-02-11T22:58:30.512Z [WARN] Skipping skill record with no name: recHj6uoSeE8sYYFT
2026-02-11T22:58:30.512Z [WARN] Skipping skill record with no name: recI6NKUWuKbYiO3U
2026-02-11T22:58:30.512Z [WARN] Skipping skill record with no name: recIHIte9O7au5cKi
2026-02-11T22:58:30.512Z [WARN] Skipping skill record with no name: recIYtOiHXOf3tnn6
2026-02-11T22:58:30.512Z [WARN] Skipping skill record with no name: recJ12mjIECL2QUmC
2026-02-11T22:58:30.512Z [WARN] Skipping skill record with no name: recJQBaG38jEpgQrT
2026-02-11T22:58:30.512Z [WARN] Skipping skill record with no name: recKyRI0dvIkuo4IO
2026-02-11T22:58:30.512Z [WARN] Skipping skill record with no name: recLffBaWAH3O1eso
2026-02-11T22:58:30.512Z [WARN] Skipping skill record with no name: recLmP9vmXK9nZ4B8
2026-02-11T22:58:30.512Z [WARN] Skipping skill record with no name: recMPBfge04Zp3Xog
2026-02-11T22:58:30.512Z [WARN] Skipping skill record with no name: recMf4bCHs5YcSqHt
2026-02-11T22:58:30.512Z [WARN] Skipping skill record with no name: recOu0qIvf1KWLUiF
2026-02-11T22:58:30.513Z [WARN] Skipping skill record with no name: recPFIpP3Cg7cQ4np
2026-02-11T22:58:30.513Z [WARN] Skipping skill record with no name: recQrHQjFRQBmepCd
2026-02-11T22:58:30.513Z [WARN] Skipping skill record with no name: recR1wuavKBKnrvNv
2026-02-11T22:58:30.513Z [WARN] Skipping skill record with no name: recRPrrj8LEag8ig8
2026-02-11T22:58:30.513Z [WARN] Skipping skill record with no name: recRjJpWdhX98lkmO
2026-02-11T22:58:30.513Z [WARN] Skipping skill record with no name: recSpOkWnkbKtJeCA
2026-02-11T22:58:30.513Z [WARN] Skipping skill record with no name: recT55FPeEdt8EEZL
2026-02-11T22:58:30.513Z [WARN] Skipping skill record with no name: recT57LQhAJoG0w4d
2026-02-11T22:58:30.513Z [WARN] Skipping skill record with no name: recTHdsZexP4COMu5
2026-02-11T22:58:30.513Z [WARN] Skipping skill record with no name: recTPu2AGEXfNOnIs
2026-02-11T22:58:30.513Z [WARN] Skipping skill record with no name: recUCbJAvElH9XEKj
2026-02-11T22:58:30.513Z [WARN] Skipping skill record with no name: recVZrfTEvdnFrvHO
2026-02-11T22:58:30.513Z [WARN] Skipping skill record with no name: recYjWL5AsM0e6H1Y
2026-02-11T22:58:30.513Z [WARN] Skipping skill record with no name: recZFcs3XAKpUhYft
2026-02-11T22:58:30.513Z [WARN] Skipping skill record with no name: recZZM1eYJcqGI4cq
2026-02-11T22:58:30.513Z [WARN] Skipping skill record with no name: recbYHLCZDQlwqSAk
2026-02-11T22:58:30.513Z [WARN] Skipping skill record with no name: reccRA38LzgouiDF4
2026-02-11T22:58:30.513Z [WARN] Skipping skill record with no name: recer7qRTg4lZ0fNr
2026-02-11T22:58:30.513Z [WARN] Skipping skill record with no name: recfCsy7qxPa2GM48
2026-02-11T22:58:30.513Z [WARN] Skipping skill record with no name: rechFBNBhZzOnZyfK
2026-02-11T22:58:30.513Z [WARN] Skipping skill record with no name: recimjliGwyCcsWl9
2026-02-11T22:58:30.513Z [WARN] Skipping skill record with no name: recj9y5gKoFd26BxN
2026-02-11T22:58:30.513Z [WARN] Skipping skill record with no name: reckuAipw6laSkBAS
2026-02-11T22:58:30.513Z [WARN] Skipping skill record with no name: reco1BTt5FzqLyCwo
2026-02-11T22:58:30.513Z [WARN] Skipping skill record with no name: recoZ3vVu4vFFwC82
2026-02-11T22:58:30.513Z [WARN] Skipping skill record with no name: recpGnO67slCltYz2
2026-02-11T22:58:30.513Z [WARN] Skipping skill record with no name: recq0iQ6VSW4vdmnf
2026-02-11T22:58:30.513Z [WARN] Skipping skill record with no name: recqII7AHkYfaXpRB
2026-02-11T22:58:30.513Z [WARN] Skipping skill record with no name: recsAT1J6cNecQWyo
2026-02-11T22:58:30.513Z [WARN] Skipping skill record with no name: recsjlRGr1tCQ5mIn
2026-02-11T22:58:30.513Z [WARN] Skipping skill record with no name: recum9d9CkHwRI9td
2026-02-11T22:58:30.513Z [WARN] Skipping skill record with no name: recxQBxxi2BfuSGf0
2026-02-11T22:58:30.513Z [WARN] Skipping skill record with no name: recxWAs0Cjk6qNBbL
2026-02-11T22:58:30.513Z [WARN] Skipping skill record with no name: recxhknmWh28cltKy
2026-02-11T22:58:30.513Z [WARN] Skipping skill record with no name: recxj0aNe9FSLueNG
2026-02-11T22:58:30.513Z [WARN] Skipping skill record with no name: recy3PcjdtqQ7QLlt
2026-02-11T22:58:30.513Z [WARN] Skipping skill record with no name: recyao4hTUyww9xMh
2026-02-11T22:58:30.513Z [WARN] Skipping skill record with no name: recymArVbhszVsA8T
2026-02-11T22:58:30.513Z [WARN] Skipping skill record with no name: recyra5hbGgf5jTjM
2026-02-11T22:58:30.513Z [WARN] Skipping skill record with no name: reczxqRRn3FbqF6N9
2026-02-11T22:58:30.513Z [WARN] Skipping skill record with no name: rec05UJBIipBkoBw5
2026-02-11T22:58:30.513Z [WARN] Skipping skill record with no name: rec0HZH5AavNElgTx
2026-02-11T22:58:30.513Z [WARN] Skipping skill record with no name: rec19pNY7ePg7vbTp
2026-02-11T22:58:30.513Z [WARN] Skipping skill record with no name: rec2NGLgC4jkH9oiF
2026-02-11T22:58:30.513Z [WARN] Skipping skill record with no name: rec2lOmqYZ6iqCM1o
2026-02-11T22:58:30.513Z [WARN] Skipping skill record with no name: rec2zoQurGZcDTUvA
2026-02-11T22:58:30.513Z [WARN] Skipping skill record with no name: rec37e9xSHskUE5Lh
2026-02-11T22:58:30.513Z [WARN] Skipping skill record with no name: rec4bhmHfeuCJoCBi
2026-02-11T22:58:30.513Z [WARN] Skipping skill record with no name: rec6a85wDwJJ43N4U
2026-02-11T22:58:30.513Z [WARN] Skipping skill record with no name: rec7GlxoSTAuSeVe3
2026-02-11T22:58:30.513Z [WARN] Skipping skill record with no name: rec7I0OPQxLO59pel
2026-02-11T22:58:30.513Z [WARN] Skipping skill record with no name: rec7k9wq2jDoHiXR5
2026-02-11T22:58:30.513Z [WARN] Skipping skill record with no name: rec8EbsQ0VBAgyPT9
2026-02-11T22:58:30.513Z [WARN] Skipping skill record with no name: rec91yFAYvFLc6p8x
2026-02-11T22:58:30.513Z [WARN] Skipping skill record with no name: rec99yXL1fnL8sn6F
2026-02-11T22:58:30.513Z [WARN] Skipping skill record with no name: recCZhLTcbU5c64sT
2026-02-11T22:58:30.513Z [WARN] Skipping skill record with no name: recCc6Xuor1i7iEx8
2026-02-11T22:58:30.513Z [WARN] Skipping skill record with no name: recCjw4XzEPeWmJP1
2026-02-11T22:58:30.513Z [WARN] Skipping skill record with no name: recDVTQ4ted71JnTI
2026-02-11T22:58:30.513Z [WARN] Skipping skill record with no name: recETdFA6bBAXYSHy
2026-02-11T22:58:30.513Z [WARN] Skipping skill record with no name: recEV3gIZwjpmmqAP
2026-02-11T22:58:30.513Z [WARN] Skipping skill record with no name: recEaglQtTKBtNrbG
2026-02-11T22:58:30.513Z [WARN] Skipping skill record with no name: recFBpOBC2iYni7GB
2026-02-11T22:58:30.513Z [WARN] Skipping skill record with no name: recFhDQGu9PXnG1gO
2026-02-11T22:58:30.513Z [WARN] Skipping skill record with no name: recIUX1C4q5FuUXWU
2026-02-11T22:58:30.513Z [WARN] Skipping skill record with no name: recIVudNprtuWa0bH
2026-02-11T22:58:30.513Z [WARN] Skipping skill record with no name: recMEBLhXiJdXEQUT
2026-02-11T22:58:30.513Z [WARN] Skipping skill record with no name: recMq5osLihtV2KP4
2026-02-11T22:58:30.513Z [WARN] Skipping skill record with no name: recQqbzfEGjrX5ab0
2026-02-11T22:58:30.513Z [WARN] Skipping skill record with no name: recRlwQjmX7FqoBt7
2026-02-11T22:58:30.513Z [WARN] Skipping skill record with no name: recSM4rHupSffZkhc
2026-02-11T22:58:30.513Z [WARN] Skipping skill record with no name: recSmSfwV8qb18fFJ
2026-02-11T22:58:30.513Z [WARN] Skipping skill record with no name: recTMh4hl91sP5X4k
2026-02-11T22:58:30.513Z [WARN] Skipping skill record with no name: recUtjmgS1a4QZpMs
2026-02-11T22:58:30.513Z [WARN] Skipping skill record with no name: recVP9s0M0IE0mt3z
2026-02-11T22:58:30.513Z [WARN] Skipping skill record with no name: recWcRhdCDyCyd0y5
2026-02-11T22:58:30.513Z [WARN] Skipping skill record with no name: recZ0lmksAY0LkIxv
2026-02-11T22:58:30.513Z [WARN] Skipping skill record with no name: recaYlfwAklvSaNq3
2026-02-11T22:58:30.513Z [WARN] Skipping skill record with no name: recbFrCIWR5qdqpQ0
2026-02-11T22:58:30.513Z [WARN] Skipping skill record with no name: recbrhZNtlXP6W1Ik
2026-02-11T22:58:30.513Z [WARN] Skipping skill record with no name: recedIkmtJMx6QWO6
2026-02-11T22:58:30.513Z [WARN] Skipping skill record with no name: recf2eNiHrKgHqxZD
2026-02-11T22:58:30.513Z [WARN] Skipping skill record with no name: recfZcXfWPEuxTqrv
2026-02-11T22:58:30.513Z [WARN] Skipping skill record with no name: recffHdqgN5D01haL
2026-02-11T22:58:30.513Z [WARN] Skipping skill record with no name: recfsNFZJ9RdEdy4v
2026-02-11T22:58:30.513Z [WARN] Skipping skill record with no name: recg9fgyCaYWdLPHy
2026-02-11T22:58:30.513Z [WARN] Skipping skill record with no name: recgo75ZsAUkQTlAQ
2026-02-11T22:58:30.513Z [WARN] Skipping skill record with no name: rech47y1WVf3Ix6fo
2026-02-11T22:58:30.513Z [WARN] Skipping skill record with no name: rechURtnLEzCn6b4F
2026-02-11T22:58:30.513Z [WARN] Skipping skill record with no name: reciJGwKrUhU3M5Kk
2026-02-11T22:58:30.513Z [WARN] Skipping skill record with no name: reciYeBqTw5lSTv1g
2026-02-11T22:58:30.513Z [WARN] Skipping skill record with no name: recibHLbb76yBnrws
2026-02-11T22:58:30.513Z [WARN] Skipping skill record with no name: recjJRMQa29LVg3Nl
2026-02-11T22:58:30.513Z [WARN] Skipping skill record with no name: recjZM91VESdKc5Mn
2026-02-11T22:58:30.513Z [WARN] Skipping skill record with no name: reckHOPVjGurJ25Pu
2026-02-11T22:58:30.513Z [WARN] Skipping skill record with no name: reckbmRwRzkGn5HUw
2026-02-11T22:58:30.513Z [WARN] Skipping skill record with no name: reclQ4XpuDcGk9a7Z
2026-02-11T22:58:30.513Z [WARN] Skipping skill record with no name: recle3YueU659MOD1
2026-02-11T22:58:30.513Z [WARN] Skipping skill record with no name: recnAVG93na0jyNmG
2026-02-11T22:58:30.513Z [WARN] Skipping skill record with no name: recnYSHJSqVb1ie5g
2026-02-11T22:58:30.513Z [WARN] Skipping skill record with no name: reco7gaCdY97eZ62e
2026-02-11T22:58:30.513Z [WARN] Skipping skill record with no name: recqyCDfkj6AEIkfD
2026-02-11T22:58:30.513Z [WARN] Skipping skill record with no name: recrNeeOzrjVVlAMj
2026-02-11T22:58:30.513Z [WARN] Skipping skill record with no name: recrUA9urfeaMpD5F
2026-02-11T22:58:30.513Z [WARN] Skipping skill record with no name: recrXKSeJMZxcklXY
2026-02-11T22:58:30.513Z [WARN] Skipping skill record with no name: recrw45K5CGB9doul
2026-02-11T22:58:30.513Z [WARN] Skipping skill record with no name: recsFxMDo9FkOllIn
2026-02-11T22:58:30.513Z [WARN] Skipping skill record with no name: recsG6w1zldXNCd3u
2026-02-11T22:58:30.513Z [WARN] Skipping skill record with no name: recxq3acXlA1CRSTx
2026-02-11T22:58:30.513Z [WARN] Skipping skill record with no name: recy94dQ8T9ZLYbq6
2026-02-11T22:58:30.513Z [WARN] Skipping skill record with no name: reczdyKTLMtqewTod
2026-02-11T22:58:30.513Z [SUCCESS] Completed skill migration: 0 skills created
2026-02-11T22:58:30.514Z [INFO] Starting candidate migration...
2026-02-11T22:58:31.555Z [INFO] Fetched 100 records from tblaexcKyvhg3CfUl, offset: itr3oHP37psXuRAU6/rec3iPcDDy1MRvCnK
2026-02-11T22:58:32.119Z [INFO] Fetched 100 records from tblaexcKyvhg3CfUl, offset: itr3oHP37psXuRAU6/rec888dKukXD5vbHy
2026-02-11T22:58:32.510Z [INFO] Fetched 100 records from tblaexcKyvhg3CfUl, offset: itr3oHP37psXuRAU6/recCFVxn7NGQ8pSOl
2026-02-11T22:58:32.965Z [INFO] Fetched 100 records from tblaexcKyvhg3CfUl, offset: itr3oHP37psXuRAU6/recFqbcpXkuxivUPz
2026-02-11T22:58:33.363Z [INFO] Fetched 100 records from tblaexcKyvhg3CfUl, offset: itr3oHP37psXuRAU6/recKBxjPqfAnOCQgp
2026-02-11T22:58:33.700Z [INFO] Fetched 100 records from tblaexcKyvhg3CfUl, offset: itr3oHP37psXuRAU6/recO1xppq99EYTcga
2026-02-11T22:58:34.216Z [INFO] Fetched 100 records from tblaexcKyvhg3CfUl, offset: itr3oHP37psXuRAU6/recS59jPRw0J0O4pt
2026-02-11T22:58:34.600Z [INFO] Fetched 100 records from tblaexcKyvhg3CfUl, offset: itr3oHP37psXuRAU6/recWYxiNXTenDes7m
2026-02-11T22:58:35.055Z [INFO] Fetched 100 records from tblaexcKyvhg3CfUl, offset: itr3oHP37psXuRAU6/recabVY3v8CleFNjj
2026-02-11T22:58:35.362Z [INFO] Fetched 100 records from tblaexcKyvhg3CfUl, offset: itr3oHP37psXuRAU6/recedh7n0o6PbU4VD
2026-02-11T22:58:36.400Z [INFO] Fetched 100 records from tblaexcKyvhg3CfUl, offset: itr3oHP37psXuRAU6/recjLSEvddVHNoKoZ
2026-02-11T22:58:37.492Z [INFO] Fetched 100 records from tblaexcKyvhg3CfUl, offset: itr3oHP37psXuRAU6/recnHs0tZP6OmXTEU
2026-02-11T22:58:38.589Z [INFO] Fetched 100 records from tblaexcKyvhg3CfUl, offset: itr3oHP37psXuRAU6/recrEAz5J8PlLca5O
2026-02-11T22:58:41.216Z [INFO] Fetched 100 records from tblaexcKyvhg3CfUl, offset: itr3oHP37psXuRAU6/recvK9RJjWuGGC2sa
2026-02-11T22:58:46.169Z [INFO] Fetched 100 records from tblaexcKyvhg3CfUl, offset: itr3oHP37psXuRAU6/reczyUYaFJp4aN0v3
2026-02-11T22:58:46.443Z [INFO] Fetched 1 records from tblaexcKyvhg3CfUl, offset: none
2026-02-11T22:58:46.443Z [INFO] Fetched 1501 applicants to migrate
